Терминалы не используются в грамматике

   ERROR


Грамматика

    0 $accept: program $end

    1 program: classes

    2 classes: class
    3        | classes class

    4 class: CLASS TYPEID '{' features '}' ';'
    5      | CLASS TYPEID INHERITS TYPEID '{' features '}' ';'
    6      | error ';'

    7 features: %empty
    8         | features feature

    9 feature: OBJECTID '(' maybe_formals ')' ':' TYPEID '{' expr '}' ';'
   10        | OBJECTID ':' TYPEID ';'
   11        | OBJECTID ':' TYPEID ASSIGN expr ';'
   12        | error ';'

   13 maybe_formals: %empty
   14              | formals

   15 formals: formal
   16        | formals ',' formal

   17 formal: OBJECTID ':' TYPEID

   18 expr: OBJECTID ASSIGN expr
   19     | expr '@' TYPEID '.' OBJECTID '(' maybe_args ')'
   20     | expr '.' OBJECTID '(' maybe_args ')'
   21     | OBJECTID '(' maybe_args ')'
   22     | IF expr THEN expr FI
   23     | IF expr THEN expr ELSE expr FI
   24     | WHILE expr LOOP expr POOL
   25     | '{' exprs '}'
   26     | LET let
   27     | CASE expr OF cases ESAC
   28     | NEW TYPEID
   29     | ISVOID expr
   30     | expr '+' expr
   31     | expr '-' expr
   32     | expr '*' expr
   33     | expr '/' expr
   34     | '~' expr
   35     | expr '<' expr
   36     | expr LE expr
   37     | expr '=' expr
   38     | NOT expr
   39     | '(' expr ')'
   40     | OBJECTID
   41     | INT_CONST
   42     | STR_CONST
   43     | BOOL_CONST

   44 maybe_args: %empty
   45           | args

   46 args: expr
   47     | expr ',' args
   48     | error ')'

   49 exprs: expr ';'
   50      | exprs expr ';'
   51      | error ';'

   52 let: OBJECTID ':' TYPEID IN expr
   53    | OBJECTID ':' TYPEID ASSIGN expr IN expr
   54    | OBJECTID ':' TYPEID ',' let
   55    | OBJECTID ':' TYPEID ASSIGN expr ',' let
   56    | error ',' let
   57    | error IN expr

   58 cases: branch
   59      | cases branch

   60 branch: OBJECTID ':' TYPEID DARROW expr ';'


Терминальные символы с правилами, в которых они появляются

$end (0) 0
'(' (40) 9 19 20 21 39
')' (41) 9 19 20 21 39 48
'*' (42) 32
'+' (43) 30
',' (44) 16 47 54 55 56
'-' (45) 31
'.' (46) 19 20
'/' (47) 33
':' (58) 9 10 11 17 52 53 54 55 60
';' (59) 4 5 6 9 10 11 12 49 50 51 60
'<' (60) 35
'=' (61) 37
'@' (64) 19
'{' (123) 4 5 9 25
'}' (125) 4 5 9 25
'~' (126) 34
error (256) 6 12 48 51 56 57
CLASS (258) 4 5
ELSE (259) 23
FI (260) 22 23
IF (261) 22 23
IN (262) 52 53 57
INHERITS (263) 5
LET (264) 26
LOOP (265) 24
POOL (266) 24
THEN (267) 22 23
WHILE (268) 24
CASE (269) 27
ESAC (270) 27
OF (271) 27
DARROW (272) 60
NEW (273) 28
ISVOID (274) 29
STR_CONST (275) 42
INT_CONST (276) 41
BOOL_CONST (277) 43
TYPEID (278) 4 5 9 10 11 17 19 28 52 53 54 55 60
OBJECTID (279) 9 10 11 17 18 19 20 21 40 52 53 54 55 60
ASSIGN (280) 11 18 53 55
NOT (281) 38
LE (282) 36
ERROR (283)


Нетерминальные символы с правилами, в которых они появляются

$accept (45)
    налево: 0
program (46)
    налево: 1, направо: 0
classes (47)
    налево: 2 3, направо: 1 3
class (48)
    налево: 4 5 6, направо: 2 3
features (49)
    налево: 7 8, направо: 4 5 8
feature (50)
    налево: 9 10 11 12, направо: 8
maybe_formals (51)
    налево: 13 14, направо: 9
formals (52)
    налево: 15 16, направо: 14 16
formal (53)
    налево: 17, направо: 15 16
expr (54)
    налево: 18 19 20 21 22 23 24 25 26 27 28 29 30 31 32 33 34
    35 36 37 38 39 40 41 42 43, направо: 9 11 18 19 20 22 23
    24 27 29 30 31 32 33 34 35 36 37 38 39 46 47 49 50 52 53 55 57
    60
maybe_args (55)
    налево: 44 45, направо: 19 20 21
args (56)
    налево: 46 47 48, направо: 45 47
exprs (57)
    налево: 49 50 51, направо: 25 50
let (58)
    налево: 52 53 54 55 56 57, направо: 26 54 55 56
cases (59)
    налево: 58 59, направо: 27 59
branch (60)
    налево: 60, направо: 58 59


Состояние 0

    0 $accept: . program $end

    error  сдвиг, и переход в состояние 1
    CLASS  сдвиг, и переход в состояние 2

    program  переход в состояние 3
    classes  переход в состояние 4
    class    переход в состояние 5


Состояние 1

    6 class: error . ';'

    ';'  сдвиг, и переход в состояние 6


Состояние 2

    4 class: CLASS . TYPEID '{' features '}' ';'
    5      | CLASS . TYPEID INHERITS TYPEID '{' features '}' ';'

    TYPEID  сдвиг, и переход в состояние 7


Состояние 3

    0 $accept: program . $end

    $end  сдвиг, и переход в состояние 8


Состояние 4

    1 program: classes .
    3 classes: classes . class

    error  сдвиг, и переход в состояние 1
    CLASS  сдвиг, и переход в состояние 2

    $end  вывод с использованием правила 1 (program)

    class  переход в состояние 9


Состояние 5

    2 classes: class .

    $default  вывод с использованием правила 2 (classes)


Состояние 6

    6 class: error ';' .

    $default  вывод с использованием правила 6 (class)


Состояние 7

    4 class: CLASS TYPEID . '{' features '}' ';'
    5      | CLASS TYPEID . INHERITS TYPEID '{' features '}' ';'

    INHERITS  сдвиг, и переход в состояние 10
    '{'       сдвиг, и переход в состояние 11


Состояние 8

    0 $accept: program $end .

    $default  принять


Состояние 9

    3 classes: classes class .

    $default  вывод с использованием правила 3 (classes)


Состояние 10

    5 class: CLASS TYPEID INHERITS . TYPEID '{' features '}' ';'

    TYPEID  сдвиг, и переход в состояние 12


Состояние 11

    4 class: CLASS TYPEID '{' . features '}' ';'

    $default  вывод с использованием правила 7 (features)

    features  переход в состояние 13


Состояние 12

    5 class: CLASS TYPEID INHERITS TYPEID . '{' features '}' ';'

    '{'  сдвиг, и переход в состояние 14


Состояние 13

    4 class: CLASS TYPEID '{' features . '}' ';'
    8 features: features . feature

    error     сдвиг, и переход в состояние 15
    OBJECTID  сдвиг, и переход в состояние 16
    '}'       сдвиг, и переход в состояние 17

    feature  переход в состояние 18


Состояние 14

    5 class: CLASS TYPEID INHERITS TYPEID '{' . features '}' ';'

    $default  вывод с использованием правила 7 (features)

    features  переход в состояние 19


Состояние 15

   12 feature: error . ';'

    ';'  сдвиг, и переход в состояние 20


Состояние 16

    9 feature: OBJECTID . '(' maybe_formals ')' ':' TYPEID '{' expr '}' ';'
   10        | OBJECTID . ':' TYPEID ';'
   11        | OBJECTID . ':' TYPEID ASSIGN expr ';'

    '('  сдвиг, и переход в состояние 21
    ':'  сдвиг, и переход в состояние 22


Состояние 17

    4 class: CLASS TYPEID '{' features '}' . ';'

    ';'  сдвиг, и переход в состояние 23


Состояние 18

    8 features: features feature .

    $default  вывод с использованием правила 8 (features)


Состояние 19

    5 class: CLASS TYPEID INHERITS TYPEID '{' features . '}' ';'
    8 features: features . feature

    error     сдвиг, и переход в состояние 15
    OBJECTID  сдвиг, и переход в состояние 16
    '}'       сдвиг, и переход в состояние 24

    feature  переход в состояние 18


Состояние 20

   12 feature: error ';' .

    $default  вывод с использованием правила 12 (feature)


Состояние 21

    9 feature: OBJECTID '(' . maybe_formals ')' ':' TYPEID '{' expr '}' ';'

    OBJECTID  сдвиг, и переход в состояние 25

    $default  вывод с использованием правила 13 (maybe_formals)

    maybe_formals  переход в состояние 26
    formals        переход в состояние 27
    formal         переход в состояние 28


Состояние 22

   10 feature: OBJECTID ':' . TYPEID ';'
   11        | OBJECTID ':' . TYPEID ASSIGN expr ';'

    TYPEID  сдвиг, и переход в состояние 29


Состояние 23

    4 class: CLASS TYPEID '{' features '}' ';' .

    $default  вывод с использованием правила 4 (class)


Состояние 24

    5 class: CLASS TYPEID INHERITS TYPEID '{' features '}' . ';'

    ';'  сдвиг, и переход в состояние 30


Состояние 25

   17 formal: OBJECTID . ':' TYPEID

    ':'  сдвиг, и переход в состояние 31


Состояние 26

    9 feature: OBJECTID '(' maybe_formals . ')' ':' TYPEID '{' expr '}' ';'

    ')'  сдвиг, и переход в состояние 32


Состояние 27

   14 maybe_formals: formals .
   16 formals: formals . ',' formal

    ','  сдвиг, и переход в состояние 33

    $default  вывод с использованием правила 14 (maybe_formals)


Состояние 28

   15 formals: formal .

    $default  вывод с использованием правила 15 (formals)


Состояние 29

   10 feature: OBJECTID ':' TYPEID . ';'
   11        | OBJECTID ':' TYPEID . ASSIGN expr ';'

    ASSIGN  сдвиг, и переход в состояние 34
    ';'     сдвиг, и переход в состояние 35


Состояние 30

    5 class: CLASS TYPEID INHERITS TYPEID '{' features '}' ';' .

    $default  вывод с использованием правила 5 (class)


Состояние 31

   17 formal: OBJECTID ':' . TYPEID

    TYPEID  сдвиг, и переход в состояние 36


Состояние 32

    9 feature: OBJECTID '(' maybe_formals ')' . ':' TYPEID '{' expr '}' ';'

    ':'  сдвиг, и переход в состояние 37


Состояние 33

   16 formals: formals ',' . formal

    OBJECTID  сдвиг, и переход в состояние 25

    formal  переход в состояние 38


Состояние 34

   11 feature: OBJECTID ':' TYPEID ASSIGN . expr ';'

    IF          сдвиг, и переход в состояние 39
    LET         сдвиг, и переход в состояние 40
    WHILE       сдвиг, и переход в состояние 41
    CASE        сдвиг, и переход в состояние 42
    NEW         сдвиг, и переход в состояние 43
    ISVOID      сдвиг, и переход в состояние 44
    STR_CONST   сдвиг, и переход в состояние 45
    INT_CONST   сдвиг, и переход в состояние 46
    BOOL_CONST  сдвиг, и переход в состояние 47
    OBJECTID    сдвиг, и переход в состояние 48
    NOT         сдвиг, и переход в состояние 49
    '~'         сдвиг, и переход в состояние 50
    '{'         сдвиг, и переход в состояние 51
    '('         сдвиг, и переход в состояние 52

    expr  переход в состояние 53


Состояние 35

   10 feature: OBJECTID ':' TYPEID ';' .

    $default  вывод с использованием правила 10 (feature)


Состояние 36

   17 formal: OBJECTID ':' TYPEID .

    $default  вывод с использованием правила 17 (formal)


Состояние 37

    9 feature: OBJECTID '(' maybe_formals ')' ':' . TYPEID '{' expr '}' ';'

    TYPEID  сдвиг, и переход в состояние 54


Состояние 38

   16 formals: formals ',' formal .

    $default  вывод с использованием правила 16 (formals)


Состояние 39

   22 expr: IF . expr THEN expr FI
   23     | IF . expr THEN expr ELSE expr FI

    IF          сдвиг, и переход в состояние 39
    LET         сдвиг, и переход в состояние 40
    WHILE       сдвиг, и переход в состояние 41
    CASE        сдвиг, и переход в состояние 42
    NEW         сдвиг, и переход в состояние 43
    ISVOID      сдвиг, и переход в состояние 44
    STR_CONST   сдвиг, и переход в состояние 45
    INT_CONST   сдвиг, и переход в состояние 46
    BOOL_CONST  сдвиг, и переход в состояние 47
    OBJECTID    сдвиг, и переход в состояние 48
    NOT         сдвиг, и переход в состояние 49
    '~'         сдвиг, и переход в состояние 50
    '{'         сдвиг, и переход в состояние 51
    '('         сдвиг, и переход в состояние 52

    expr  переход в состояние 55


Состояние 40

   26 expr: LET . let

    error     сдвиг, и переход в состояние 56
    OBJECTID  сдвиг, и переход в состояние 57

    let  переход в состояние 58


Состояние 41

   24 expr: WHILE . expr LOOP expr POOL

    IF          сдвиг, и переход в состояние 39
    LET         сдвиг, и переход в состояние 40
    WHILE       сдвиг, и переход в состояние 41
    CASE        сдвиг, и переход в состояние 42
    NEW         сдвиг, и переход в состояние 43
    ISVOID      сдвиг, и переход в состояние 44
    STR_CONST   сдвиг, и переход в состояние 45
    INT_CONST   сдвиг, и переход в состояние 46
    BOOL_CONST  сдвиг, и переход в состояние 47
    OBJECTID    сдвиг, и переход в состояние 48
    NOT         сдвиг, и переход в состояние 49
    '~'         сдвиг, и переход в состояние 50
    '{'         сдвиг, и переход в состояние 51
    '('         сдвиг, и переход в состояние 52

    expr  переход в состояние 59


Состояние 42

   27 expr: CASE . expr OF cases ESAC

    IF          сдвиг, и переход в состояние 39
    LET         сдвиг, и переход в состояние 40
    WHILE       сдвиг, и переход в состояние 41
    CASE        сдвиг, и переход в состояние 42
    NEW         сдвиг, и переход в состояние 43
    ISVOID      сдвиг, и переход в состояние 44
    STR_CONST   сдвиг, и переход в состояние 45
    INT_CONST   сдвиг, и переход в состояние 46
    BOOL_CONST  сдвиг, и переход в состояние 47
    OBJECTID    сдвиг, и переход в состояние 48
    NOT         сдвиг, и переход в состояние 49
    '~'         сдвиг, и переход в состояние 50
    '{'         сдвиг, и переход в состояние 51
    '('         сдвиг, и переход в состояние 52

    expr  переход в состояние 60


Состояние 43

   28 expr: NEW . TYPEID

    TYPEID  сдвиг, и переход в состояние 61


Состояние 44

   29 expr: ISVOID . expr

    IF          сдвиг, и переход в состояние 39
    LET         сдвиг, и переход в состояние 40
    WHILE       сдвиг, и переход в состояние 41
    CASE        сдвиг, и переход в состояние 42
    NEW         сдвиг, и переход в состояние 43
    ISVOID      сдвиг, и переход в состояние 44
    STR_CONST   сдвиг, и переход в состояние 45
    INT_CONST   сдвиг, и переход в состояние 46
    BOOL_CONST  сдвиг, и переход в состояние 47
    OBJECTID    сдвиг, и переход в состояние 48
    NOT         сдвиг, и переход в состояние 49
    '~'         сдвиг, и переход в состояние 50
    '{'         сдвиг, и переход в состояние 51
    '('         сдвиг, и переход в состояние 52

    expr  переход в состояние 62


Состояние 45

   42 expr: STR_CONST .

    $default  вывод с использованием правила 42 (expr)


Состояние 46

   41 expr: INT_CONST .

    $default  вывод с использованием правила 41 (expr)


Состояние 47

   43 expr: BOOL_CONST .

    $default  вывод с использованием правила 43 (expr)


Состояние 48

   18 expr: OBJECTID . ASSIGN expr
   21     | OBJECTID . '(' maybe_args ')'
   40     | OBJECTID .

    ASSIGN  сдвиг, и переход в состояние 63
    '('     сдвиг, и переход в состояние 64

    $default  вывод с использованием правила 40 (expr)


Состояние 49

   38 expr: NOT . expr

    IF          сдвиг, и переход в состояние 39
    LET         сдвиг, и переход в состояние 40
    WHILE       сдвиг, и переход в состояние 41
    CASE        сдвиг, и переход в состояние 42
    NEW         сдвиг, и переход в состояние 43
    ISVOID      сдвиг, и переход в состояние 44
    STR_CONST   сдвиг, и переход в состояние 45
    INT_CONST   сдвиг, и переход в состояние 46
    BOOL_CONST  сдвиг, и переход в состояние 47
    OBJECTID    сдвиг, и переход в состояние 48
    NOT         сдвиг, и переход в состояние 49
    '~'         сдвиг, и переход в состояние 50
    '{'         сдвиг, и переход в состояние 51
    '('         сдвиг, и переход в состояние 52

    expr  переход в состояние 65


Состояние 50

   34 expr: '~' . expr

    IF          сдвиг, и переход в состояние 39
    LET         сдвиг, и переход в состояние 40
    WHILE       сдвиг, и переход в состояние 41
    CASE        сдвиг, и переход в состояние 42
    NEW         сдвиг, и переход в состояние 43
    ISVOID      сдвиг, и переход в состояние 44
    STR_CONST   сдвиг, и переход в состояние 45
    INT_CONST   сдвиг, и переход в состояние 46
    BOOL_CONST  сдвиг, и переход в состояние 47
    OBJECTID    сдвиг, и переход в состояние 48
    NOT         сдвиг, и переход в состояние 49
    '~'         сдвиг, и переход в состояние 50
    '{'         сдвиг, и переход в состояние 51
    '('         сдвиг, и переход в состояние 52

    expr  переход в состояние 66


Состояние 51

   25 expr: '{' . exprs '}'

    error       сдвиг, и переход в состояние 67
    IF          сдвиг, и переход в состояние 39
    LET         сдвиг, и переход в состояние 40
    WHILE       сдвиг, и переход в состояние 41
    CASE        сдвиг, и переход в состояние 42
    NEW         сдвиг, и переход в состояние 43
    ISVOID      сдвиг, и переход в состояние 44
    STR_CONST   сдвиг, и переход в состояние 45
    INT_CONST   сдвиг, и переход в состояние 46
    BOOL_CONST  сдвиг, и переход в состояние 47
    OBJECTID    сдвиг, и переход в состояние 48
    NOT         сдвиг, и переход в состояние 49
    '~'         сдвиг, и переход в состояние 50
    '{'         сдвиг, и переход в состояние 51
    '('         сдвиг, и переход в состояние 52

    expr   переход в состояние 68
    exprs  переход в состояние 69


Состояние 52

   39 expr: '(' . expr ')'

    IF          сдвиг, и переход в состояние 39
    LET         сдвиг, и переход в состояние 40
    WHILE       сдвиг, и переход в состояние 41
    CASE        сдвиг, и переход в состояние 42
    NEW         сдвиг, и переход в состояние 43
    ISVOID      сдвиг, и переход в состояние 44
    STR_CONST   сдвиг, и переход в состояние 45
    INT_CONST   сдвиг, и переход в состояние 46
    BOOL_CONST  сдвиг, и переход в состояние 47
    OBJECTID    сдвиг, и переход в состояние 48
    NOT         сдвиг, и переход в состояние 49
    '~'         сдвиг, и переход в состояние 50
    '{'         сдвиг, и переход в состояние 51
    '('         сдвиг, и переход в состояние 52

    expr  переход в состояние 70


Состояние 53

   11 feature: OBJECTID ':' TYPEID ASSIGN expr . ';'
   19 expr: expr . '@' TYPEID '.' OBJECTID '(' maybe_args ')'
   20     | expr . '.' OBJECTID '(' maybe_args ')'
   30     | expr . '+' expr
   31     | expr . '-' expr
   32     | expr . '*' expr
   33     | expr . '/' expr
   35     | expr . '<' expr
   36     | expr . LE expr
   37     | expr . '=' expr

    LE   сдвиг, и переход в состояние 71
    '<'  сдвиг, и переход в состояние 72
    '='  сдвиг, и переход в состояние 73
    '+'  сдвиг, и переход в состояние 74
    '-'  сдвиг, и переход в состояние 75
    '*'  сдвиг, и переход в состояние 76
    '/'  сдвиг, и переход в состояние 77
    '@'  сдвиг, и переход в состояние 78
    '.'  сдвиг, и переход в состояние 79
    ';'  сдвиг, и переход в состояние 80


Состояние 54

    9 feature: OBJECTID '(' maybe_formals ')' ':' TYPEID . '{' expr '}' ';'

    '{'  сдвиг, и переход в состояние 81


Состояние 55

   19 expr: expr . '@' TYPEID '.' OBJECTID '(' maybe_args ')'
   20     | expr . '.' OBJECTID '(' maybe_args ')'
   22     | IF expr . THEN expr FI
   23     | IF expr . THEN expr ELSE expr FI
   30     | expr . '+' expr
   31     | expr . '-' expr
   32     | expr . '*' expr
   33     | expr . '/' expr
   35     | expr . '<' expr
   36     | expr . LE expr
   37     | expr . '=' expr

    THEN  сдвиг, и переход в состояние 82
    LE    сдвиг, и переход в состояние 71
    '<'   сдвиг, и переход в состояние 72
    '='   сдвиг, и переход в состояние 73
    '+'   сдвиг, и переход в состояние 74
    '-'   сдвиг, и переход в состояние 75
    '*'   сдвиг, и переход в состояние 76
    '/'   сдвиг, и переход в состояние 77
    '@'   сдвиг, и переход в состояние 78
    '.'   сдвиг, и переход в состояние 79


Состояние 56

   56 let: error . ',' let
   57    | error . IN expr

    IN   сдвиг, и переход в состояние 83
    ','  сдвиг, и переход в состояние 84


Состояние 57

   52 let: OBJECTID . ':' TYPEID IN expr
   53    | OBJECTID . ':' TYPEID ASSIGN expr IN expr
   54    | OBJECTID . ':' TYPEID ',' let
   55    | OBJECTID . ':' TYPEID ASSIGN expr ',' let

    ':'  сдвиг, и переход в состояние 85


Состояние 58

   26 expr: LET let .

    $default  вывод с использованием правила 26 (expr)


Состояние 59

   19 expr: expr . '@' TYPEID '.' OBJECTID '(' maybe_args ')'
   20     | expr . '.' OBJECTID '(' maybe_args ')'
   24     | WHILE expr . LOOP expr POOL
   30     | expr . '+' expr
   31     | expr . '-' expr
   32     | expr . '*' expr
   33     | expr . '/' expr
   35     | expr . '<' expr
   36     | expr . LE expr
   37     | expr . '=' expr

    LOOP  сдвиг, и переход в состояние 86
    LE    сдвиг, и переход в состояние 71
    '<'   сдвиг, и переход в состояние 72
    '='   сдвиг, и переход в состояние 73
    '+'   сдвиг, и переход в состояние 74
    '-'   сдвиг, и переход в состояние 75
    '*'   сдвиг, и переход в состояние 76
    '/'   сдвиг, и переход в состояние 77
    '@'   сдвиг, и переход в состояние 78
    '.'   сдвиг, и переход в состояние 79


Состояние 60

   19 expr: expr . '@' TYPEID '.' OBJECTID '(' maybe_args ')'
   20     | expr . '.' OBJECTID '(' maybe_args ')'
   27     | CASE expr . OF cases ESAC
   30     | expr . '+' expr
   31     | expr . '-' expr
   32     | expr . '*' expr
   33     | expr . '/' expr
   35     | expr . '<' expr
   36     | expr . LE expr
   37     | expr . '=' expr

    OF   сдвиг, и переход в состояние 87
    LE   сдвиг, и переход в состояние 71
    '<'  сдвиг, и переход в состояние 72
    '='  сдвиг, и переход в состояние 73
    '+'  сдвиг, и переход в состояние 74
    '-'  сдвиг, и переход в состояние 75
    '*'  сдвиг, и переход в состояние 76
    '/'  сдвиг, и переход в состояние 77
    '@'  сдвиг, и переход в состояние 78
    '.'  сдвиг, и переход в состояние 79


Состояние 61

   28 expr: NEW TYPEID .

    $default  вывод с использованием правила 28 (expr)


Состояние 62

   19 expr: expr . '@' TYPEID '.' OBJECTID '(' maybe_args ')'
   20     | expr . '.' OBJECTID '(' maybe_args ')'
   29     | ISVOID expr .
   30     | expr . '+' expr
   31     | expr . '-' expr
   32     | expr . '*' expr
   33     | expr . '/' expr
   35     | expr . '<' expr
   36     | expr . LE expr
   37     | expr . '=' expr

    '@'  сдвиг, и переход в состояние 78
    '.'  сдвиг, и переход в состояние 79

    $default  вывод с использованием правила 29 (expr)


Состояние 63

   18 expr: OBJECTID ASSIGN . expr

    IF          сдвиг, и переход в состояние 39
    LET         сдвиг, и переход в состояние 40
    WHILE       сдвиг, и переход в состояние 41
    CASE        сдвиг, и переход в состояние 42
    NEW         сдвиг, и переход в состояние 43
    ISVOID      сдвиг, и переход в состояние 44
    STR_CONST   сдвиг, и переход в состояние 45
    INT_CONST   сдвиг, и переход в состояние 46
    BOOL_CONST  сдвиг, и переход в состояние 47
    OBJECTID    сдвиг, и переход в состояние 48
    NOT         сдвиг, и переход в состояние 49
    '~'         сдвиг, и переход в состояние 50
    '{'         сдвиг, и переход в состояние 51
    '('         сдвиг, и переход в состояние 52

    expr  переход в состояние 88


Состояние 64

   21 expr: OBJECTID '(' . maybe_args ')'

    error       сдвиг, и переход в состояние 89
    IF          сдвиг, и переход в состояние 39
    LET         сдвиг, и переход в состояние 40
    WHILE       сдвиг, и переход в состояние 41
    CASE        сдвиг, и переход в состояние 42
    NEW         сдвиг, и переход в состояние 43
    ISVOID      сдвиг, и переход в состояние 44
    STR_CONST   сдвиг, и переход в состояние 45
    INT_CONST   сдвиг, и переход в состояние 46
    BOOL_CONST  сдвиг, и переход в состояние 47
    OBJECTID    сдвиг, и переход в состояние 48
    NOT         сдвиг, и переход в состояние 49
    '~'         сдвиг, и переход в состояние 50
    '{'         сдвиг, и переход в состояние 51
    '('         сдвиг, и переход в состояние 52

    ')'  вывод с использованием правила 44 (maybe_args)

    expr        переход в состояние 90
    maybe_args  переход в состояние 91
    args        переход в состояние 92


Состояние 65

   19 expr: expr . '@' TYPEID '.' OBJECTID '(' maybe_args ')'
   20     | expr . '.' OBJECTID '(' maybe_args ')'
   30     | expr . '+' expr
   31     | expr . '-' expr
   32     | expr . '*' expr
   33     | expr . '/' expr
   35     | expr . '<' expr
   36     | expr . LE expr
   37     | expr . '=' expr
   38     | NOT expr .

    LE   сдвиг, и переход в состояние 71
    '<'  сдвиг, и переход в состояние 72
    '='  сдвиг, и переход в состояние 73
    '+'  сдвиг, и переход в состояние 74
    '-'  сдвиг, и переход в состояние 75
    '*'  сдвиг, и переход в состояние 76
    '/'  сдвиг, и переход в состояние 77
    '@'  сдвиг, и переход в состояние 78
    '.'  сдвиг, и переход в состояние 79

    $default  вывод с использованием правила 38 (expr)


Состояние 66

   19 expr: expr . '@' TYPEID '.' OBJECTID '(' maybe_args ')'
   20     | expr . '.' OBJECTID '(' maybe_args ')'
   30     | expr . '+' expr
   31     | expr . '-' expr
   32     | expr . '*' expr
   33     | expr . '/' expr
   34     | '~' expr .
   35     | expr . '<' expr
   36     | expr . LE expr
   37     | expr . '=' expr

    '@'  сдвиг, и переход в состояние 78
    '.'  сдвиг, и переход в состояние 79

    $default  вывод с использованием правила 34 (expr)


Состояние 67

   51 exprs: error . ';'

    ';'  сдвиг, и переход в состояние 93


Состояние 68

   19 expr: expr . '@' TYPEID '.' OBJECTID '(' maybe_args ')'
   20     | expr . '.' OBJECTID '(' maybe_args ')'
   30     | expr . '+' expr
   31     | expr . '-' expr
   32     | expr . '*' expr
   33     | expr . '/' expr
   35     | expr . '<' expr
   36     | expr . LE expr
   37     | expr . '=' expr
   49 exprs: expr . ';'

    LE   сдвиг, и переход в состояние 71
    '<'  сдвиг, и переход в состояние 72
    '='  сдвиг, и переход в состояние 73
    '+'  сдвиг, и переход в состояние 74
    '-'  сдвиг, и переход в состояние 75
    '*'  сдвиг, и переход в состояние 76
    '/'  сдвиг, и переход в состояние 77
    '@'  сдвиг, и переход в состояние 78
    '.'  сдвиг, и переход в состояние 79
    ';'  сдвиг, и переход в состояние 94


Состояние 69

   25 expr: '{' exprs . '}'
   50 exprs: exprs . expr ';'

    IF          сдвиг, и переход в состояние 39
    LET         сдвиг, и переход в состояние 40
    WHILE       сдвиг, и переход в состояние 41
    CASE        сдвиг, и переход в состояние 42
    NEW         сдвиг, и переход в состояние 43
    ISVOID      сдвиг, и переход в состояние 44
    STR_CONST   сдвиг, и переход в состояние 45
    INT_CONST   сдвиг, и переход в состояние 46
    BOOL_CONST  сдвиг, и переход в состояние 47
    OBJECTID    сдвиг, и переход в состояние 48
    NOT         сдвиг, и переход в состояние 49
    '~'         сдвиг, и переход в состояние 50
    '{'         сдвиг, и переход в состояние 51
    '}'         сдвиг, и переход в состояние 95
    '('         сдвиг, и переход в состояние 52

    expr  переход в состояние 96


Состояние 70

   19 expr: expr . '@' TYPEID '.' OBJECTID '(' maybe_args ')'
   20     | expr . '.' OBJECTID '(' maybe_args ')'
   30     | expr . '+' expr
   31     | expr . '-' expr
   32     | expr . '*' expr
   33     | expr . '/' expr
   35     | expr . '<' expr
   36     | expr . LE expr
   37     | expr . '=' expr
   39     | '(' expr . ')'

    LE   сдвиг, и переход в состояние 71
    '<'  сдвиг, и переход в состояние 72
    '='  сдвиг, и переход в состояние 73
    '+'  сдвиг, и переход в состояние 74
    '-'  сдвиг, и переход в состояние 75
    '*'  сдвиг, и переход в состояние 76
    '/'  сдвиг, и переход в состояние 77
    '@'  сдвиг, и переход в состояние 78
    '.'  сдвиг, и переход в состояние 79
    ')'  сдвиг, и переход в состояние 97


Состояние 71

   36 expr: expr LE . expr

    IF          сдвиг, и переход в состояние 39
    LET         сдвиг, и переход в состояние 40
    WHILE       сдвиг, и переход в состояние 41
    CASE        сдвиг, и переход в состояние 42
    NEW         сдвиг, и переход в состояние 43
    ISVOID      сдвиг, и переход в состояние 44
    STR_CONST   сдвиг, и переход в состояние 45
    INT_CONST   сдвиг, и переход в состояние 46
    BOOL_CONST  сдвиг, и переход в состояние 47
    OBJECTID    сдвиг, и переход в состояние 48
    NOT         сдвиг, и переход в состояние 49
    '~'         сдвиг, и переход в состояние 50
    '{'         сдвиг, и переход в состояние 51
    '('         сдвиг, и переход в состояние 52

    expr  переход в состояние 98


Состояние 72

   35 expr: expr '<' . expr

    IF          сдвиг, и переход в состояние 39
    LET         сдвиг, и переход в состояние 40
    WHILE       сдвиг, и переход в состояние 41
    CASE        сдвиг, и переход в состояние 42
    NEW         сдвиг, и переход в состояние 43
    ISVOID      сдвиг, и переход в состояние 44
    STR_CONST   сдвиг, и переход в состояние 45
    INT_CONST   сдвиг, и переход в состояние 46
    BOOL_CONST  сдвиг, и переход в состояние 47
    OBJECTID    сдвиг, и переход в состояние 48
    NOT         сдвиг, и переход в состояние 49
    '~'         сдвиг, и переход в состояние 50
    '{'         сдвиг, и переход в состояние 51
    '('         сдвиг, и переход в состояние 52

    expr  переход в состояние 99


Состояние 73

   37 expr: expr '=' . expr

    IF          сдвиг, и переход в состояние 39
    LET         сдвиг, и переход в состояние 40
    WHILE       сдвиг, и переход в состояние 41
    CASE        сдвиг, и переход в состояние 42
    NEW         сдвиг, и переход в состояние 43
    ISVOID      сдвиг, и переход в состояние 44
    STR_CONST   сдвиг, и переход в состояние 45
    INT_CONST   сдвиг, и переход в состояние 46
    BOOL_CONST  сдвиг, и переход в состояние 47
    OBJECTID    сдвиг, и переход в состояние 48
    NOT         сдвиг, и переход в состояние 49
    '~'         сдвиг, и переход в состояние 50
    '{'         сдвиг, и переход в состояние 51
    '('         сдвиг, и переход в состояние 52

    expr  переход в состояние 100


Состояние 74

   30 expr: expr '+' . expr

    IF          сдвиг, и переход в состояние 39
    LET         сдвиг, и переход в состояние 40
    WHILE       сдвиг, и переход в состояние 41
    CASE        сдвиг, и переход в состояние 42
    NEW         сдвиг, и переход в состояние 43
    ISVOID      сдвиг, и переход в состояние 44
    STR_CONST   сдвиг, и переход в состояние 45
    INT_CONST   сдвиг, и переход в состояние 46
    BOOL_CONST  сдвиг, и переход в состояние 47
    OBJECTID    сдвиг, и переход в состояние 48
    NOT         сдвиг, и переход в состояние 49
    '~'         сдвиг, и переход в состояние 50
    '{'         сдвиг, и переход в состояние 51
    '('         сдвиг, и переход в состояние 52

    expr  переход в состояние 101


Состояние 75

   31 expr: expr '-' . expr

    IF          сдвиг, и переход в состояние 39
    LET         сдвиг, и переход в состояние 40
    WHILE       сдвиг, и переход в состояние 41
    CASE        сдвиг, и переход в состояние 42
    NEW         сдвиг, и переход в состояние 43
    ISVOID      сдвиг, и переход в состояние 44
    STR_CONST   сдвиг, и переход в состояние 45
    INT_CONST   сдвиг, и переход в состояние 46
    BOOL_CONST  сдвиг, и переход в состояние 47
    OBJECTID    сдвиг, и переход в состояние 48
    NOT         сдвиг, и переход в состояние 49
    '~'         сдвиг, и переход в состояние 50
    '{'         сдвиг, и переход в состояние 51
    '('         сдвиг, и переход в состояние 52

    expr  переход в состояние 102


Состояние 76

   32 expr: expr '*' . expr

    IF          сдвиг, и переход в состояние 39
    LET         сдвиг, и переход в состояние 40
    WHILE       сдвиг, и переход в состояние 41
    CASE        сдвиг, и переход в состояние 42
    NEW         сдвиг, и переход в состояние 43
    ISVOID      сдвиг, и переход в состояние 44
    STR_CONST   сдвиг, и переход в состояние 45
    INT_CONST   сдвиг, и переход в состояние 46
    BOOL_CONST  сдвиг, и переход в состояние 47
    OBJECTID    сдвиг, и переход в состояние 48
    NOT         сдвиг, и переход в состояние 49
    '~'         сдвиг, и переход в состояние 50
    '{'         сдвиг, и переход в состояние 51
    '('         сдвиг, и переход в состояние 52

    expr  переход в состояние 103


Состояние 77

   33 expr: expr '/' . expr

    IF          сдвиг, и переход в состояние 39
    LET         сдвиг, и переход в состояние 40
    WHILE       сдвиг, и переход в состояние 41
    CASE        сдвиг, и переход в состояние 42
    NEW         сдвиг, и переход в состояние 43
    ISVOID      сдвиг, и переход в состояние 44
    STR_CONST   сдвиг, и переход в состояние 45
    INT_CONST   сдвиг, и переход в состояние 46
    BOOL_CONST  сдвиг, и переход в состояние 47
    OBJECTID    сдвиг, и переход в состояние 48
    NOT         сдвиг, и переход в состояние 49
    '~'         сдвиг, и переход в состояние 50
    '{'         сдвиг, и переход в состояние 51
    '('         сдвиг, и переход в состояние 52

    expr  переход в состояние 104


Состояние 78

   19 expr: expr '@' . TYPEID '.' OBJECTID '(' maybe_args ')'

    TYPEID  сдвиг, и переход в состояние 105


Состояние 79

   20 expr: expr '.' . OBJECTID '(' maybe_args ')'

    OBJECTID  сдвиг, и переход в состояние 106


Состояние 80

   11 feature: OBJECTID ':' TYPEID ASSIGN expr ';' .

    $default  вывод с использованием правила 11 (feature)


Состояние 81

    9 feature: OBJECTID '(' maybe_formals ')' ':' TYPEID '{' . expr '}' ';'

    IF          сдвиг, и переход в состояние 39
    LET         сдвиг, и переход в состояние 40
    WHILE       сдвиг, и переход в состояние 41
    CASE        сдвиг, и переход в состояние 42
    NEW         сдвиг, и переход в состояние 43
    ISVOID      сдвиг, и переход в состояние 44
    STR_CONST   сдвиг, и переход в состояние 45
    INT_CONST   сдвиг, и переход в состояние 46
    BOOL_CONST  сдвиг, и переход в состояние 47
    OBJECTID    сдвиг, и переход в состояние 48
    NOT         сдвиг, и переход в состояние 49
    '~'         сдвиг, и переход в состояние 50
    '{'         сдвиг, и переход в состояние 51
    '('         сдвиг, и переход в состояние 52

    expr  переход в состояние 107


Состояние 82

   22 expr: IF expr THEN . expr FI
   23     | IF expr THEN . expr ELSE expr FI

    IF          сдвиг, и переход в состояние 39
    LET         сдвиг, и переход в состояние 40
    WHILE       сдвиг, и переход в состояние 41
    CASE        сдвиг, и переход в состояние 42
    NEW         сдвиг, и переход в состояние 43
    ISVOID      сдвиг, и переход в состояние 44
    STR_CONST   сдвиг, и переход в состояние 45
    INT_CONST   сдвиг, и переход в состояние 46
    BOOL_CONST  сдвиг, и переход в состояние 47
    OBJECTID    сдвиг, и переход в состояние 48
    NOT         сдвиг, и переход в состояние 49
    '~'         сдвиг, и переход в состояние 50
    '{'         сдвиг, и переход в состояние 51
    '('         сдвиг, и переход в состояние 52

    expr  переход в состояние 108


Состояние 83

   57 let: error IN . expr

    IF          сдвиг, и переход в состояние 39
    LET         сдвиг, и переход в состояние 40
    WHILE       сдвиг, и переход в состояние 41
    CASE        сдвиг, и переход в состояние 42
    NEW         сдвиг, и переход в состояние 43
    ISVOID      сдвиг, и переход в состояние 44
    STR_CONST   сдвиг, и переход в состояние 45
    INT_CONST   сдвиг, и переход в состояние 46
    BOOL_CONST  сдвиг, и переход в состояние 47
    OBJECTID    сдвиг, и переход в состояние 48
    NOT         сдвиг, и переход в состояние 49
    '~'         сдвиг, и переход в состояние 50
    '{'         сдвиг, и переход в состояние 51
    '('         сдвиг, и переход в состояние 52

    expr  переход в состояние 109


Состояние 84

   56 let: error ',' . let

    error     сдвиг, и переход в состояние 56
    OBJECTID  сдвиг, и переход в состояние 57

    let  переход в состояние 110


Состояние 85

   52 let: OBJECTID ':' . TYPEID IN expr
   53    | OBJECTID ':' . TYPEID ASSIGN expr IN expr
   54    | OBJECTID ':' . TYPEID ',' let
   55    | OBJECTID ':' . TYPEID ASSIGN expr ',' let

    TYPEID  сдвиг, и переход в состояние 111


Состояние 86

   24 expr: WHILE expr LOOP . expr POOL

    IF          сдвиг, и переход в состояние 39
    LET         сдвиг, и переход в состояние 40
    WHILE       сдвиг, и переход в состояние 41
    CASE        сдвиг, и переход в состояние 42
    NEW         сдвиг, и переход в состояние 43
    ISVOID      сдвиг, и переход в состояние 44
    STR_CONST   сдвиг, и переход в состояние 45
    INT_CONST   сдвиг, и переход в состояние 46
    BOOL_CONST  сдвиг, и переход в состояние 47
    OBJECTID    сдвиг, и переход в состояние 48
    NOT         сдвиг, и переход в состояние 49
    '~'         сдвиг, и переход в состояние 50
    '{'         сдвиг, и переход в состояние 51
    '('         сдвиг, и переход в состояние 52

    expr  переход в состояние 112


Состояние 87

   27 expr: CASE expr OF . cases ESAC

    OBJECTID  сдвиг, и переход в состояние 113

    cases   переход в состояние 114
    branch  переход в состояние 115


Состояние 88

   18 expr: OBJECTID ASSIGN expr .
   19     | expr . '@' TYPEID '.' OBJECTID '(' maybe_args ')'
   20     | expr . '.' OBJECTID '(' maybe_args ')'
   30     | expr . '+' expr
   31     | expr . '-' expr
   32     | expr . '*' expr
   33     | expr . '/' expr
   35     | expr . '<' expr
   36     | expr . LE expr
   37     | expr . '=' expr

    LE   сдвиг, и переход в состояние 71
    '<'  сдвиг, и переход в состояние 72
    '='  сдвиг, и переход в состояние 73
    '+'  сдвиг, и переход в состояние 74
    '-'  сдвиг, и переход в состояние 75
    '*'  сдвиг, и переход в состояние 76
    '/'  сдвиг, и переход в состояние 77
    '@'  сдвиг, и переход в состояние 78
    '.'  сдвиг, и переход в состояние 79

    $default  вывод с использованием правила 18 (expr)


Состояние 89

   48 args: error . ')'

    ')'  сдвиг, и переход в состояние 116


Состояние 90

   19 expr: expr . '@' TYPEID '.' OBJECTID '(' maybe_args ')'
   20     | expr . '.' OBJECTID '(' maybe_args ')'
   30     | expr . '+' expr
   31     | expr . '-' expr
   32     | expr . '*' expr
   33     | expr . '/' expr
   35     | expr . '<' expr
   36     | expr . LE expr
   37     | expr . '=' expr
   46 args: expr .
   47     | expr . ',' args

    LE   сдвиг, и переход в состояние 71
    '<'  сдвиг, и переход в состояние 72
    '='  сдвиг, и переход в состояние 73
    '+'  сдвиг, и переход в состояние 74
    '-'  сдвиг, и переход в состояние 75
    '*'  сдвиг, и переход в состояние 76
    '/'  сдвиг, и переход в состояние 77
    '@'  сдвиг, и переход в состояние 78
    '.'  сдвиг, и переход в состояние 79
    ','  сдвиг, и переход в состояние 117

    $default  вывод с использованием правила 46 (args)


Состояние 91

   21 expr: OBJECTID '(' maybe_args . ')'

    ')'  сдвиг, и переход в состояние 118


Состояние 92

   45 maybe_args: args .

    $default  вывод с использованием правила 45 (maybe_args)


Состояние 93

   51 exprs: error ';' .

    $default  вывод с использованием правила 51 (exprs)


Состояние 94

   49 exprs: expr ';' .

    $default  вывод с использованием правила 49 (exprs)


Состояние 95

   25 expr: '{' exprs '}' .

    $default  вывод с использованием правила 25 (expr)


Состояние 96

   19 expr: expr . '@' TYPEID '.' OBJECTID '(' maybe_args ')'
   20     | expr . '.' OBJECTID '(' maybe_args ')'
   30     | expr . '+' expr
   31     | expr . '-' expr
   32     | expr . '*' expr
   33     | expr . '/' expr
   35     | expr . '<' expr
   36     | expr . LE expr
   37     | expr . '=' expr
   50 exprs: exprs expr . ';'

    LE   сдвиг, и переход в состояние 71
    '<'  сдвиг, и переход в состояние 72
    '='  сдвиг, и переход в состояние 73
    '+'  сдвиг, и переход в состояние 74
    '-'  сдвиг, и переход в состояние 75
    '*'  сдвиг, и переход в состояние 76
    '/'  сдвиг, и переход в состояние 77
    '@'  сдвиг, и переход в состояние 78
    '.'  сдвиг, и переход в состояние 79
    ';'  сдвиг, и переход в состояние 119


Состояние 97

   39 expr: '(' expr ')' .

    $default  вывод с использованием правила 39 (expr)


Состояние 98

   19 expr: expr . '@' TYPEID '.' OBJECTID '(' maybe_args ')'
   20     | expr . '.' OBJECTID '(' maybe_args ')'
   30     | expr . '+' expr
   31     | expr . '-' expr
   32     | expr . '*' expr
   33     | expr . '/' expr
   35     | expr . '<' expr
   36     | expr . LE expr
   36     | expr LE expr .
   37     | expr . '=' expr

    '+'  сдвиг, и переход в состояние 74
    '-'  сдвиг, и переход в состояние 75
    '*'  сдвиг, и переход в состояние 76
    '/'  сдвиг, и переход в состояние 77
    '@'  сдвиг, и переход в состояние 78
    '.'  сдвиг, и переход в состояние 79

    LE   ошибка (неассоциативная)
    '<'  ошибка (неассоциативная)
    '='  ошибка (неассоциативная)

    $default  вывод с использованием правила 36 (expr)


Состояние 99

   19 expr: expr . '@' TYPEID '.' OBJECTID '(' maybe_args ')'
   20     | expr . '.' OBJECTID '(' maybe_args ')'
   30     | expr . '+' expr
   31     | expr . '-' expr
   32     | expr . '*' expr
   33     | expr . '/' expr
   35     | expr . '<' expr
   35     | expr '<' expr .
   36     | expr . LE expr
   37     | expr . '=' expr

    '+'  сдвиг, и переход в состояние 74
    '-'  сдвиг, и переход в состояние 75
    '*'  сдвиг, и переход в состояние 76
    '/'  сдвиг, и переход в состояние 77
    '@'  сдвиг, и переход в состояние 78
    '.'  сдвиг, и переход в состояние 79

    LE   ошибка (неассоциативная)
    '<'  ошибка (неассоциативная)
    '='  ошибка (неассоциативная)

    $default  вывод с использованием правила 35 (expr)


Состояние 100

   19 expr: expr . '@' TYPEID '.' OBJECTID '(' maybe_args ')'
   20     | expr . '.' OBJECTID '(' maybe_args ')'
   30     | expr . '+' expr
   31     | expr . '-' expr
   32     | expr . '*' expr
   33     | expr . '/' expr
   35     | expr . '<' expr
   36     | expr . LE expr
   37     | expr . '=' expr
   37     | expr '=' expr .

    '+'  сдвиг, и переход в состояние 74
    '-'  сдвиг, и переход в состояние 75
    '*'  сдвиг, и переход в состояние 76
    '/'  сдвиг, и переход в состояние 77
    '@'  сдвиг, и переход в состояние 78
    '.'  сдвиг, и переход в состояние 79

    LE   ошибка (неассоциативная)
    '<'  ошибка (неассоциативная)
    '='  ошибка (неассоциативная)

    $default  вывод с использованием правила 37 (expr)


Состояние 101

   19 expr: expr . '@' TYPEID '.' OBJECTID '(' maybe_args ')'
   20     | expr . '.' OBJECTID '(' maybe_args ')'
   30     | expr . '+' expr
   30     | expr '+' expr .
   31     | expr . '-' expr
   32     | expr . '*' expr
   33     | expr . '/' expr
   35     | expr . '<' expr
   36     | expr . LE expr
   37     | expr . '=' expr

    '*'  сдвиг, и переход в состояние 76
    '/'  сдвиг, и переход в состояние 77
    '@'  сдвиг, и переход в состояние 78
    '.'  сдвиг, и переход в состояние 79

    $default  вывод с использованием правила 30 (expr)


Состояние 102

   19 expr: expr . '@' TYPEID '.' OBJECTID '(' maybe_args ')'
   20     | expr . '.' OBJECTID '(' maybe_args ')'
   30     | expr . '+' expr
   31     | expr . '-' expr
   31     | expr '-' expr .
   32     | expr . '*' expr
   33     | expr . '/' expr
   35     | expr . '<' expr
   36     | expr . LE expr
   37     | expr . '=' expr

    '*'  сдвиг, и переход в состояние 76
    '/'  сдвиг, и переход в состояние 77
    '@'  сдвиг, и переход в состояние 78
    '.'  сдвиг, и переход в состояние 79

    $default  вывод с использованием правила 31 (expr)


Состояние 103

   19 expr: expr . '@' TYPEID '.' OBJECTID '(' maybe_args ')'
   20     | expr . '.' OBJECTID '(' maybe_args ')'
   30     | expr . '+' expr
   31     | expr . '-' expr
   32     | expr . '*' expr
   32     | expr '*' expr .
   33     | expr . '/' expr
   35     | expr . '<' expr
   36     | expr . LE expr
   37     | expr . '=' expr

    '@'  сдвиг, и переход в состояние 78
    '.'  сдвиг, и переход в состояние 79

    $default  вывод с использованием правила 32 (expr)


Состояние 104

   19 expr: expr . '@' TYPEID '.' OBJECTID '(' maybe_args ')'
   20     | expr . '.' OBJECTID '(' maybe_args ')'
   30     | expr . '+' expr
   31     | expr . '-' expr
   32     | expr . '*' expr
   33     | expr . '/' expr
   33     | expr '/' expr .
   35     | expr . '<' expr
   36     | expr . LE expr
   37     | expr . '=' expr

    '@'  сдвиг, и переход в состояние 78
    '.'  сдвиг, и переход в состояние 79

    $default  вывод с использованием правила 33 (expr)


Состояние 105

   19 expr: expr '@' TYPEID . '.' OBJECTID '(' maybe_args ')'

    '.'  сдвиг, и переход в состояние 120


Состояние 106

   20 expr: expr '.' OBJECTID . '(' maybe_args ')'

    '('  сдвиг, и переход в состояние 121


Состояние 107

    9 feature: OBJECTID '(' maybe_formals ')' ':' TYPEID '{' expr . '}' ';'
   19 expr: expr . '@' TYPEID '.' OBJECTID '(' maybe_args ')'
   20     | expr . '.' OBJECTID '(' maybe_args ')'
   30     | expr . '+' expr
   31     | expr . '-' expr
   32     | expr . '*' expr
   33     | expr . '/' expr
   35     | expr . '<' expr
   36     | expr . LE expr
   37     | expr . '=' expr

    LE   сдвиг, и переход в состояние 71
    '<'  сдвиг, и переход в состояние 72
    '='  сдвиг, и переход в состояние 73
    '+'  сдвиг, и переход в состояние 74
    '-'  сдвиг, и переход в состояние 75
    '*'  сдвиг, и переход в состояние 76
    '/'  сдвиг, и переход в состояние 77
    '@'  сдвиг, и переход в состояние 78
    '.'  сдвиг, и переход в состояние 79
    '}'  сдвиг, и переход в состояние 122


Состояние 108

   19 expr: expr . '@' TYPEID '.' OBJECTID '(' maybe_args ')'
   20     | expr . '.' OBJECTID '(' maybe_args ')'
   22     | IF expr THEN expr . FI
   23     | IF expr THEN expr . ELSE expr FI
   30     | expr . '+' expr
   31     | expr . '-' expr
   32     | expr . '*' expr
   33     | expr . '/' expr
   35     | expr . '<' expr
   36     | expr . LE expr
   37     | expr . '=' expr

    ELSE  сдвиг, и переход в состояние 123
    FI    сдвиг, и переход в состояние 124
    LE    сдвиг, и переход в состояние 71
    '<'   сдвиг, и переход в состояние 72
    '='   сдвиг, и переход в состояние 73
    '+'   сдвиг, и переход в состояние 74
    '-'   сдвиг, и переход в состояние 75
    '*'   сдвиг, и переход в состояние 76
    '/'   сдвиг, и переход в состояние 77
    '@'   сдвиг, и переход в состояние 78
    '.'   сдвиг, и переход в состояние 79


Состояние 109

   19 expr: expr . '@' TYPEID '.' OBJECTID '(' maybe_args ')'
   20     | expr . '.' OBJECTID '(' maybe_args ')'
   30     | expr . '+' expr
   31     | expr . '-' expr
   32     | expr . '*' expr
   33     | expr . '/' expr
   35     | expr . '<' expr
   36     | expr . LE expr
   37     | expr . '=' expr
   57 let: error IN expr .

    LE   сдвиг, и переход в состояние 71
    '<'  сдвиг, и переход в состояние 72
    '='  сдвиг, и переход в состояние 73
    '+'  сдвиг, и переход в состояние 74
    '-'  сдвиг, и переход в состояние 75
    '*'  сдвиг, и переход в состояние 76
    '/'  сдвиг, и переход в состояние 77
    '@'  сдвиг, и переход в состояние 78
    '.'  сдвиг, и переход в состояние 79

    $default  вывод с использованием правила 57 (let)


Состояние 110

   56 let: error ',' let .

    $default  вывод с использованием правила 56 (let)


Состояние 111

   52 let: OBJECTID ':' TYPEID . IN expr
   53    | OBJECTID ':' TYPEID . ASSIGN expr IN expr
   54    | OBJECTID ':' TYPEID . ',' let
   55    | OBJECTID ':' TYPEID . ASSIGN expr ',' let

    IN      сдвиг, и переход в состояние 125
    ASSIGN  сдвиг, и переход в состояние 126
    ','     сдвиг, и переход в состояние 127


Состояние 112

   19 expr: expr . '@' TYPEID '.' OBJECTID '(' maybe_args ')'
   20     | expr . '.' OBJECTID '(' maybe_args ')'
   24     | WHILE expr LOOP expr . POOL
   30     | expr . '+' expr
   31     | expr . '-' expr
   32     | expr . '*' expr
   33     | expr . '/' expr
   35     | expr . '<' expr
   36     | expr . LE expr
   37     | expr . '=' expr

    POOL  сдвиг, и переход в состояние 128
    LE    сдвиг, и переход в состояние 71
    '<'   сдвиг, и переход в состояние 72
    '='   сдвиг, и переход в состояние 73
    '+'   сдвиг, и переход в состояние 74
    '-'   сдвиг, и переход в состояние 75
    '*'   сдвиг, и переход в состояние 76
    '/'   сдвиг, и переход в состояние 77
    '@'   сдвиг, и переход в состояние 78
    '.'   сдвиг, и переход в состояние 79


Состояние 113

   60 branch: OBJECTID . ':' TYPEID DARROW expr ';'

    ':'  сдвиг, и переход в состояние 129


Состояние 114

   27 expr: CASE expr OF cases . ESAC
   59 cases: cases . branch

    ESAC      сдвиг, и переход в состояние 130
    OBJECTID  сдвиг, и переход в состояние 113

    branch  переход в состояние 131


Состояние 115

   58 cases: branch .

    $default  вывод с использованием правила 58 (cases)


Состояние 116

   48 args: error ')' .

    $default  вывод с использованием правила 48 (args)


Состояние 117

   47 args: expr ',' . args

    error       сдвиг, и переход в состояние 89
    IF          сдвиг, и переход в состояние 39
    LET         сдвиг, и переход в состояние 40
    WHILE       сдвиг, и переход в состояние 41
    CASE        сдвиг, и переход в состояние 42
    NEW         сдвиг, и переход в состояние 43
    ISVOID      сдвиг, и переход в состояние 44
    STR_CONST   сдвиг, и переход в состояние 45
    INT_CONST   сдвиг, и переход в состояние 46
    BOOL_CONST  сдвиг, и переход в состояние 47
    OBJECTID    сдвиг, и переход в состояние 48
    NOT         сдвиг, и переход в состояние 49
    '~'         сдвиг, и переход в состояние 50
    '{'         сдвиг, и переход в состояние 51
    '('         сдвиг, и переход в состояние 52

    expr  переход в состояние 90
    args  переход в состояние 132


Состояние 118

   21 expr: OBJECTID '(' maybe_args ')' .

    $default  вывод с использованием правила 21 (expr)


Состояние 119

   50 exprs: exprs expr ';' .

    $default  вывод с использованием правила 50 (exprs)


Состояние 120

   19 expr: expr '@' TYPEID '.' . OBJECTID '(' maybe_args ')'

    OBJECTID  сдвиг, и переход в состояние 133


Состояние 121

   20 expr: expr '.' OBJECTID '(' . maybe_args ')'

    error       сдвиг, и переход в состояние 89
    IF          сдвиг, и переход в состояние 39
    LET         сдвиг, и переход в состояние 40
    WHILE       сдвиг, и переход в состояние 41
    CASE        сдвиг, и переход в состояние 42
    NEW         сдвиг, и переход в состояние 43
    ISVOID      сдвиг, и переход в состояние 44
    STR_CONST   сдвиг, и переход в состояние 45
    INT_CONST   сдвиг, и переход в состояние 46
    BOOL_CONST  сдвиг, и переход в состояние 47
    OBJECTID    сдвиг, и переход в состояние 48
    NOT         сдвиг, и переход в состояние 49
    '~'         сдвиг, и переход в состояние 50
    '{'         сдвиг, и переход в состояние 51
    '('         сдвиг, и переход в состояние 52

    ')'  вывод с использованием правила 44 (maybe_args)

    expr        переход в состояние 90
    maybe_args  переход в состояние 134
    args        переход в состояние 92


Состояние 122

    9 feature: OBJECTID '(' maybe_formals ')' ':' TYPEID '{' expr '}' . ';'

    ';'  сдвиг, и переход в состояние 135


Состояние 123

   23 expr: IF expr THEN expr ELSE . expr FI

    IF          сдвиг, и переход в состояние 39
    LET         сдвиг, и переход в состояние 40
    WHILE       сдвиг, и переход в состояние 41
    CASE        сдвиг, и переход в состояние 42
    NEW         сдвиг, и переход в состояние 43
    ISVOID      сдвиг, и переход в состояние 44
    STR_CONST   сдвиг, и переход в состояние 45
    INT_CONST   сдвиг, и переход в состояние 46
    BOOL_CONST  сдвиг, и переход в состояние 47
    OBJECTID    сдвиг, и переход в состояние 48
    NOT         сдвиг, и переход в состояние 49
    '~'         сдвиг, и переход в состояние 50
    '{'         сдвиг, и переход в состояние 51
    '('         сдвиг, и переход в состояние 52

    expr  переход в состояние 136


Состояние 124

   22 expr: IF expr THEN expr FI .

    $default  вывод с использованием правила 22 (expr)


Состояние 125

   52 let: OBJECTID ':' TYPEID IN . expr

    IF          сдвиг, и переход в состояние 39
    LET         сдвиг, и переход в состояние 40
    WHILE       сдвиг, и переход в состояние 41
    CASE        сдвиг, и переход в состояние 42
    NEW         сдвиг, и переход в состояние 43
    ISVOID      сдвиг, и переход в состояние 44
    STR_CONST   сдвиг, и переход в состояние 45
    INT_CONST   сдвиг, и переход в состояние 46
    BOOL_CONST  сдвиг, и переход в состояние 47
    OBJECTID    сдвиг, и переход в состояние 48
    NOT         сдвиг, и переход в состояние 49
    '~'         сдвиг, и переход в состояние 50
    '{'         сдвиг, и переход в состояние 51
    '('         сдвиг, и переход в состояние 52

    expr  переход в состояние 137


Состояние 126

   53 let: OBJECTID ':' TYPEID ASSIGN . expr IN expr
   55    | OBJECTID ':' TYPEID ASSIGN . expr ',' let

    IF          сдвиг, и переход в состояние 39
    LET         сдвиг, и переход в состояние 40
    WHILE       сдвиг, и переход в состояние 41
    CASE        сдвиг, и переход в состояние 42
    NEW         сдвиг, и переход в состояние 43
    ISVOID      сдвиг, и переход в состояние 44
    STR_CONST   сдвиг, и переход в состояние 45
    INT_CONST   сдвиг, и переход в состояние 46
    BOOL_CONST  сдвиг, и переход в состояние 47
    OBJECTID    сдвиг, и переход в состояние 48
    NOT         сдвиг, и переход в состояние 49
    '~'         сдвиг, и переход в состояние 50
    '{'         сдвиг, и переход в состояние 51
    '('         сдвиг, и переход в состояние 52

    expr  переход в состояние 138


Состояние 127

   54 let: OBJECTID ':' TYPEID ',' . let

    error     сдвиг, и переход в состояние 56
    OBJECTID  сдвиг, и переход в состояние 57

    let  переход в состояние 139


Состояние 128

   24 expr: WHILE expr LOOP expr POOL .

    $default  вывод с использованием правила 24 (expr)


Состояние 129

   60 branch: OBJECTID ':' . TYPEID DARROW expr ';'

    TYPEID  сдвиг, и переход в состояние 140


Состояние 130

   27 expr: CASE expr OF cases ESAC .

    $default  вывод с использованием правила 27 (expr)


Состояние 131

   59 cases: cases branch .

    $default  вывод с использованием правила 59 (cases)


Состояние 132

   47 args: expr ',' args .

    $default  вывод с использованием правила 47 (args)


Состояние 133

   19 expr: expr '@' TYPEID '.' OBJECTID . '(' maybe_args ')'

    '('  сдвиг, и переход в состояние 141


Состояние 134

   20 expr: expr '.' OBJECTID '(' maybe_args . ')'

    ')'  сдвиг, и переход в состояние 142


Состояние 135

    9 feature: OBJECTID '(' maybe_formals ')' ':' TYPEID '{' expr '}' ';' .

    $default  вывод с использованием правила 9 (feature)


Состояние 136

   19 expr: expr . '@' TYPEID '.' OBJECTID '(' maybe_args ')'
   20     | expr . '.' OBJECTID '(' maybe_args ')'
   23     | IF expr THEN expr ELSE expr . FI
   30     | expr . '+' expr
   31     | expr . '-' expr
   32     | expr . '*' expr
   33     | expr . '/' expr
   35     | expr . '<' expr
   36     | expr . LE expr
   37     | expr . '=' expr

    FI   сдвиг, и переход в состояние 143
    LE   сдвиг, и переход в состояние 71
    '<'  сдвиг, и переход в состояние 72
    '='  сдвиг, и переход в состояние 73
    '+'  сдвиг, и переход в состояние 74
    '-'  сдвиг, и переход в состояние 75
    '*'  сдвиг, и переход в состояние 76
    '/'  сдвиг, и переход в состояние 77
    '@'  сдвиг, и переход в состояние 78
    '.'  сдвиг, и переход в состояние 79


Состояние 137

   19 expr: expr . '@' TYPEID '.' OBJECTID '(' maybe_args ')'
   20     | expr . '.' OBJECTID '(' maybe_args ')'
   30     | expr . '+' expr
   31     | expr . '-' expr
   32     | expr . '*' expr
   33     | expr . '/' expr
   35     | expr . '<' expr
   36     | expr . LE expr
   37     | expr . '=' expr
   52 let: OBJECTID ':' TYPEID IN expr .

    LE   сдвиг, и переход в состояние 71
    '<'  сдвиг, и переход в состояние 72
    '='  сдвиг, и переход в состояние 73
    '+'  сдвиг, и переход в состояние 74
    '-'  сдвиг, и переход в состояние 75
    '*'  сдвиг, и переход в состояние 76
    '/'  сдвиг, и переход в состояние 77
    '@'  сдвиг, и переход в состояние 78
    '.'  сдвиг, и переход в состояние 79

    $default  вывод с использованием правила 52 (let)


Состояние 138

   19 expr: expr . '@' TYPEID '.' OBJECTID '(' maybe_args ')'
   20     | expr . '.' OBJECTID '(' maybe_args ')'
   30     | expr . '+' expr
   31     | expr . '-' expr
   32     | expr . '*' expr
   33     | expr . '/' expr
   35     | expr . '<' expr
   36     | expr . LE expr
   37     | expr . '=' expr
   53 let: OBJECTID ':' TYPEID ASSIGN expr . IN expr
   55    | OBJECTID ':' TYPEID ASSIGN expr . ',' let

    IN   сдвиг, и переход в состояние 144
    LE   сдвиг, и переход в состояние 71
    '<'  сдвиг, и переход в состояние 72
    '='  сдвиг, и переход в состояние 73
    '+'  сдвиг, и переход в состояние 74
    '-'  сдвиг, и переход в состояние 75
    '*'  сдвиг, и переход в состояние 76
    '/'  сдвиг, и переход в состояние 77
    '@'  сдвиг, и переход в состояние 78
    '.'  сдвиг, и переход в состояние 79
    ','  сдвиг, и переход в состояние 145


Состояние 139

   54 let: OBJECTID ':' TYPEID ',' let .

    $default  вывод с использованием правила 54 (let)


Состояние 140

   60 branch: OBJECTID ':' TYPEID . DARROW expr ';'

    DARROW  сдвиг, и переход в состояние 146


Состояние 141

   19 expr: expr '@' TYPEID '.' OBJECTID '(' . maybe_args ')'

    error       сдвиг, и переход в состояние 89
    IF          сдвиг, и переход в состояние 39
    LET         сдвиг, и переход в состояние 40
    WHILE       сдвиг, и переход в состояние 41
    CASE        сдвиг, и переход в состояние 42
    NEW         сдвиг, и переход в состояние 43
    ISVOID      сдвиг, и переход в состояние 44
    STR_CONST   сдвиг, и переход в состояние 45
    INT_CONST   сдвиг, и переход в состояние 46
    BOOL_CONST  сдвиг, и переход в состояние 47
    OBJECTID    сдвиг, и переход в состояние 48
    NOT         сдвиг, и переход в состояние 49
    '~'         сдвиг, и переход в состояние 50
    '{'         сдвиг, и переход в состояние 51
    '('         сдвиг, и переход в состояние 52

    ')'  вывод с использованием правила 44 (maybe_args)

    expr        переход в состояние 90
    maybe_args  переход в состояние 147
    args        переход в состояние 92


Состояние 142

   20 expr: expr '.' OBJECTID '(' maybe_args ')' .

    $default  вывод с использованием правила 20 (expr)


Состояние 143

   23 expr: IF expr THEN expr ELSE expr FI .

    $default  вывод с использованием правила 23 (expr)


Состояние 144

   53 let: OBJECTID ':' TYPEID ASSIGN expr IN . expr

    IF          сдвиг, и переход в состояние 39
    LET         сдвиг, и переход в состояние 40
    WHILE       сдвиг, и переход в состояние 41
    CASE        сдвиг, и переход в состояние 42
    NEW         сдвиг, и переход в состояние 43
    ISVOID      сдвиг, и переход в состояние 44
    STR_CONST   сдвиг, и переход в состояние 45
    INT_CONST   сдвиг, и переход в состояние 46
    BOOL_CONST  сдвиг, и переход в состояние 47
    OBJECTID    сдвиг, и переход в состояние 48
    NOT         сдвиг, и переход в состояние 49
    '~'         сдвиг, и переход в состояние 50
    '{'         сдвиг, и переход в состояние 51
    '('         сдвиг, и переход в состояние 52

    expr  переход в состояние 148


Состояние 145

   55 let: OBJECTID ':' TYPEID ASSIGN expr ',' . let

    error     сдвиг, и переход в состояние 56
    OBJECTID  сдвиг, и переход в состояние 57

    let  переход в состояние 149


Состояние 146

   60 branch: OBJECTID ':' TYPEID DARROW . expr ';'

    IF          сдвиг, и переход в состояние 39
    LET         сдвиг, и переход в состояние 40
    WHILE       сдвиг, и переход в состояние 41
    CASE        сдвиг, и переход в состояние 42
    NEW         сдвиг, и переход в состояние 43
    ISVOID      сдвиг, и переход в состояние 44
    STR_CONST   сдвиг, и переход в состояние 45
    INT_CONST   сдвиг, и переход в состояние 46
    BOOL_CONST  сдвиг, и переход в состояние 47
    OBJECTID    сдвиг, и переход в состояние 48
    NOT         сдвиг, и переход в состояние 49
    '~'         сдвиг, и переход в состояние 50
    '{'         сдвиг, и переход в состояние 51
    '('         сдвиг, и переход в состояние 52

    expr  переход в состояние 150


Состояние 147

   19 expr: expr '@' TYPEID '.' OBJECTID '(' maybe_args . ')'

    ')'  сдвиг, и переход в состояние 151


Состояние 148

   19 expr: expr . '@' TYPEID '.' OBJECTID '(' maybe_args ')'
   20     | expr . '.' OBJECTID '(' maybe_args ')'
   30     | expr . '+' expr
   31     | expr . '-' expr
   32     | expr . '*' expr
   33     | expr . '/' expr
   35     | expr . '<' expr
   36     | expr . LE expr
   37     | expr . '=' expr
   53 let: OBJECTID ':' TYPEID ASSIGN expr IN expr .

    LE   сдвиг, и переход в состояние 71
    '<'  сдвиг, и переход в состояние 72
    '='  сдвиг, и переход в состояние 73
    '+'  сдвиг, и переход в состояние 74
    '-'  сдвиг, и переход в состояние 75
    '*'  сдвиг, и переход в состояние 76
    '/'  сдвиг, и переход в состояние 77
    '@'  сдвиг, и переход в состояние 78
    '.'  сдвиг, и переход в состояние 79

    $default  вывод с использованием правила 53 (let)


Состояние 149

   55 let: OBJECTID ':' TYPEID ASSIGN expr ',' let .

    $default  вывод с использованием правила 55 (let)


Состояние 150

   19 expr: expr . '@' TYPEID '.' OBJECTID '(' maybe_args ')'
   20     | expr . '.' OBJECTID '(' maybe_args ')'
   30     | expr . '+' expr
   31     | expr . '-' expr
   32     | expr . '*' expr
   33     | expr . '/' expr
   35     | expr . '<' expr
   36     | expr . LE expr
   37     | expr . '=' expr
   60 branch: OBJECTID ':' TYPEID DARROW expr . ';'

    LE   сдвиг, и переход в состояние 71
    '<'  сдвиг, и переход в состояние 72
    '='  сдвиг, и переход в состояние 73
    '+'  сдвиг, и переход в состояние 74
    '-'  сдвиг, и переход в состояние 75
    '*'  сдвиг, и переход в состояние 76
    '/'  сдвиг, и переход в состояние 77
    '@'  сдвиг, и переход в состояние 78
    '.'  сдвиг, и переход в состояние 79
    ';'  сдвиг, и переход в состояние 152


Состояние 151

   19 expr: expr '@' TYPEID '.' OBJECTID '(' maybe_args ')' .

    $default  вывод с использованием правила 19 (expr)


Состояние 152

   60 branch: OBJECTID ':' TYPEID DARROW expr ';' .

    $default  вывод с использованием правила 60 (branch)
